<?xml version="1.0" encoding="UTF-8"?>
<coverage generated="1582239273025" clover="3.2.0">
  <project timestamp="1582239273025" name="All files">
    <metrics statements="30" coveredstatements="24" conditionals="17" coveredconditionals="15" methods="7" coveredmethods="6" elements="54" coveredelements="45" complexity="0" loc="30" ncloc="30" packages="1" files="1" classes="1"/>
    <file name="PCString.js" path="/Users/marcsmith/Library/Mobile Documents/com~apple~CloudDocs/MindMissiles/Projects/100 PCString/string/src/PCString.js">
      <metrics statements="30" coveredstatements="24" conditionals="17" coveredconditionals="15" methods="7" coveredmethods="6"/>
      <line num="3" count="7" type="cond" truecount="2" falsecount="0"/>
      <line num="4" count="1" type="stmt"/>
      <line num="7" count="6" type="cond" truecount="3" falsecount="0"/>
      <line num="11" count="7" type="cond" truecount="2" falsecount="0"/>
      <line num="12" count="1" type="stmt"/>
      <line num="15" count="6" type="stmt"/>
      <line num="19" count="4" type="cond" truecount="2" falsecount="0"/>
      <line num="20" count="1" type="stmt"/>
      <line num="23" count="3" type="stmt"/>
      <line num="27" count="7" type="cond" truecount="2" falsecount="0"/>
      <line num="28" count="1" type="stmt"/>
      <line num="31" count="6" type="stmt"/>
      <line num="38" count="14" type="cond" truecount="2" falsecount="0"/>
      <line num="39" count="12" type="stmt"/>
      <line num="41" count="2" type="stmt"/>
      <line num="44" count="14" type="stmt"/>
      <line num="46" count="14" type="stmt"/>
      <line num="47" count="84" type="stmt"/>
      <line num="50" count="14" type="stmt"/>
      <line num="56" count="0" type="cond" truecount="0" falsecount="2"/>
      <line num="57" count="0" type="stmt"/>
      <line num="59" count="0" type="stmt"/>
      <line num="62" count="0" type="stmt"/>
      <line num="63" count="0" type="stmt"/>
      <line num="66" count="0" type="stmt"/>
      <line num="72" count="101" type="cond" truecount="2" falsecount="0"/>
      <line num="73" count="100" type="stmt"/>
      <line num="75" count="1" type="stmt"/>
      <line num="78" count="101" type="stmt"/>
      <line num="82" count="1" type="stmt"/>
    </file>
  </project>
</coverage>
