{"/Users/marcsmith/Library/Mobile Documents/com~apple~CloudDocs/MindMissiles/Projects/100 PCString/string/src/PCString.js": {"path":"/Users/marcsmith/Library/Mobile Documents/com~apple~CloudDocs/MindMissiles/Projects/100 PCString/string/src/PCString.js","statementMap":{"0":{"start":{"line":3,"column":2},"end":{"line":5,"column":3}},"1":{"start":{"line":4,"column":3},"end":{"line":4,"column":16}},"2":{"start":{"line":7,"column":2},"end":{"line":7,"column":84}},"3":{"start":{"line":11,"column":2},"end":{"line":13,"column":3}},"4":{"start":{"line":12,"column":3},"end":{"line":12,"column":16}},"5":{"start":{"line":15,"column":2},"end":{"line":15,"column":34}},"6":{"start":{"line":19,"column":2},"end":{"line":21,"column":3}},"7":{"start":{"line":20,"column":3},"end":{"line":20,"column":13}},"8":{"start":{"line":23,"column":2},"end":{"line":23,"column":36}},"9":{"start":{"line":27,"column":2},"end":{"line":29,"column":3}},"10":{"start":{"line":28,"column":3},"end":{"line":28,"column":13}},"11":{"start":{"line":31,"column":2},"end":{"line":31,"column":57}},"12":{"start":{"line":38,"column":2},"end":{"line":42,"column":3}},"13":{"start":{"line":39,"column":3},"end":{"line":39,"column":18}},"14":{"start":{"line":41,"column":3},"end":{"line":41,"column":15}},"15":{"start":{"line":44,"column":13},"end":{"line":44,"column":62}},"16":{"start":{"line":46,"column":2},"end":{"line":48,"column":3}},"17":{"start":{"line":46,"column":15},"end":{"line":46,"column":16}},"18":{"start":{"line":47,"column":3},"end":{"line":47,"column":71}},"19":{"start":{"line":50,"column":2},"end":{"line":50,"column":14}},"20":{"start":{"line":56,"column":2},"end":{"line":60,"column":3}},"21":{"start":{"line":57,"column":3},"end":{"line":57,"column":18}},"22":{"start":{"line":59,"column":3},"end":{"line":59,"column":15}},"23":{"start":{"line":62,"column":2},"end":{"line":64,"column":3}},"24":{"start":{"line":62,"column":15},"end":{"line":62,"column":16}},"25":{"start":{"line":63,"column":3},"end":{"line":63,"column":97}},"26":{"start":{"line":66,"column":2},"end":{"line":66,"column":14}},"27":{"start":{"line":72,"column":2},"end":{"line":76,"column":3}},"28":{"start":{"line":73,"column":3},"end":{"line":73,"column":22}},"29":{"start":{"line":75,"column":3},"end":{"line":75,"column":81}},"30":{"start":{"line":78,"column":2},"end":{"line":78,"column":74}},"31":{"start":{"line":82,"column":0},"end":{"line":82,"column":26}}},"fnMap":{"0":{"name":"(anonymous_0)","decl":{"start":{"line":2,"column":1},"end":{"line":2,"column":2}},"loc":{"start":{"line":2,"column":20},"end":{"line":8,"column":2}},"line":2},"1":{"name":"(anonymous_1)","decl":{"start":{"line":10,"column":1},"end":{"line":10,"column":2}},"loc":{"start":{"line":10,"column":30},"end":{"line":16,"column":2}},"line":10},"2":{"name":"(anonymous_2)","decl":{"start":{"line":18,"column":1},"end":{"line":18,"column":2}},"loc":{"start":{"line":18,"column":33},"end":{"line":24,"column":2}},"line":18},"3":{"name":"(anonymous_3)","decl":{"start":{"line":26,"column":1},"end":{"line":26,"column":2}},"loc":{"start":{"line":26,"column":33},"end":{"line":32,"column":2}},"line":26},"4":{"name":"(anonymous_4)","decl":{"start":{"line":35,"column":1},"end":{"line":35,"column":2}},"loc":{"start":{"line":35,"column":24},"end":{"line":51,"column":2}},"line":35},"5":{"name":"(anonymous_5)","decl":{"start":{"line":53,"column":1},"end":{"line":53,"column":2}},"loc":{"start":{"line":53,"column":28},"end":{"line":67,"column":2}},"line":53},"6":{"name":"(anonymous_6)","decl":{"start":{"line":69,"column":1},"end":{"line":69,"column":2}},"loc":{"start":{"line":69,"column":26},"end":{"line":79,"column":2}},"line":69}},"branchMap":{"0":{"loc":{"start":{"line":3,"column":2},"end":{"line":5,"column":3}},"type":"if","locations":[{"start":{"line":3,"column":2},"end":{"line":5,"column":3}},{"start":{"line":3,"column":2},"end":{"line":5,"column":3}}],"line":3},"1":{"loc":{"start":{"line":7,"column":9},"end":{"line":7,"column":83}},"type":"binary-expr","locations":[{"start":{"line":7,"column":9},"end":{"line":7,"column":29}},{"start":{"line":7,"column":34},"end":{"line":7,"column":54}},{"start":{"line":7,"column":58},"end":{"line":7,"column":82}}],"line":7},"2":{"loc":{"start":{"line":11,"column":2},"end":{"line":13,"column":3}},"type":"if","locations":[{"start":{"line":11,"column":2},"end":{"line":13,"column":3}},{"start":{"line":11,"column":2},"end":{"line":13,"column":3}}],"line":11},"3":{"loc":{"start":{"line":19,"column":2},"end":{"line":21,"column":3}},"type":"if","locations":[{"start":{"line":19,"column":2},"end":{"line":21,"column":3}},{"start":{"line":19,"column":2},"end":{"line":21,"column":3}}],"line":19},"4":{"loc":{"start":{"line":27,"column":2},"end":{"line":29,"column":3}},"type":"if","locations":[{"start":{"line":27,"column":2},"end":{"line":29,"column":3}},{"start":{"line":27,"column":2},"end":{"line":29,"column":3}}],"line":27},"5":{"loc":{"start":{"line":38,"column":2},"end":{"line":42,"column":3}},"type":"if","locations":[{"start":{"line":38,"column":2},"end":{"line":42,"column":3}},{"start":{"line":38,"column":2},"end":{"line":42,"column":3}}],"line":38},"6":{"loc":{"start":{"line":56,"column":2},"end":{"line":60,"column":3}},"type":"if","locations":[{"start":{"line":56,"column":2},"end":{"line":60,"column":3}},{"start":{"line":56,"column":2},"end":{"line":60,"column":3}}],"line":56},"7":{"loc":{"start":{"line":72,"column":2},"end":{"line":76,"column":3}},"type":"if","locations":[{"start":{"line":72,"column":2},"end":{"line":76,"column":3}},{"start":{"line":72,"column":2},"end":{"line":76,"column":3}}],"line":72}},"s":{"0":7,"1":1,"2":6,"3":7,"4":1,"5":6,"6":4,"7":1,"8":3,"9":7,"10":1,"11":6,"12":14,"13":12,"14":2,"15":14,"16":14,"17":14,"18":84,"19":14,"20":0,"21":0,"22":0,"23":0,"24":0,"25":0,"26":0,"27":101,"28":100,"29":1,"30":101,"31":1},"f":{"0":7,"1":7,"2":4,"3":7,"4":14,"5":0,"6":101},"b":{"0":[1,6],"1":[6,5,3],"2":[1,6],"3":[1,3],"4":[1,6],"5":[12,2],"6":[0,0],"7":[100,1]},"_coverageSchema":"43e27e138ebf9cfc5966b082cf9a028302ed4184","hash":"c7a376167acc892fe2ec088cf21bc605b5acb843"}
}
