TN:
SF:/Users/marcsmith/Library/Mobile Documents/com~apple~CloudDocs/MindMissiles/Projects/100 PCString/string/src/PCString.js
FN:2,(anonymous_0)
FN:10,(anonymous_1)
FN:18,(anonymous_2)
FN:26,(anonymous_3)
FN:35,(anonymous_4)
FN:53,(anonymous_5)
FN:69,(anonymous_6)
FNF:7
FNH:6
FNDA:7,(anonymous_0)
FNDA:7,(anonymous_1)
FNDA:4,(anonymous_2)
FNDA:7,(anonymous_3)
FNDA:14,(anonymous_4)
FNDA:0,(anonymous_5)
FNDA:101,(anonymous_6)
DA:3,7
DA:4,1
DA:7,6
DA:11,7
DA:12,1
DA:15,6
DA:19,4
DA:20,1
DA:23,3
DA:27,7
DA:28,1
DA:31,6
DA:38,14
DA:39,12
DA:41,2
DA:44,14
DA:46,14
DA:47,84
DA:50,14
DA:56,0
DA:57,0
DA:59,0
DA:62,0
DA:63,0
DA:66,0
DA:72,101
DA:73,100
DA:75,1
DA:78,101
DA:82,1
LF:30
LH:24
BRDA:3,0,0,1
BRDA:3,0,1,6
BRDA:7,1,0,6
BRDA:7,1,1,5
BRDA:7,1,2,3
BRDA:11,2,0,1
BRDA:11,2,1,6
BRDA:19,3,0,1
BRDA:19,3,1,3
BRDA:27,4,0,1
BRDA:27,4,1,6
BRDA:38,5,0,12
BRDA:38,5,1,2
BRDA:56,6,0,0
BRDA:56,6,1,0
BRDA:72,7,0,100
BRDA:72,7,1,1
BRF:17
BRH:15
end_of_record
